Using pre-set license
Built from '2021.3/staging' branch; Version is '2021.3.16f1 (4016570cf34f) revision 4200023'; Using compiler version '192829333'; Build Type 'Release'
OS: 'Windows 10  (10.0.19045) 64bit Education' Language: 'sr' Physical Memory: 16303 MB
BatchMode: 1, IsHumanControllingUs: 0, StartBugReporterOnCrash: 0, Is64bit: 1, IsPro: 1

COMMAND LINE ARGUMENTS:
C:\Program Files\Unity\Hub\Editor\2021.3.16f1\Editor\Unity.exe
-adb2
-batchMode
-noUpm
-name
AssetImportWorker2
-projectPath
C:/Users/Ucenik 1/Desktop/Prison
-logFile
Logs/AssetImportWorker2.log
-srvPort
58265
Successfully changed project path to: C:/Users/Ucenik 1/Desktop/Prison
C:/Users/Ucenik 1/Desktop/Prison
[UnityMemory] Configuration Parameters - Can be set up in boot.config
    "memorysetup-bucket-allocator-granularity=16"
    "memorysetup-bucket-allocator-bucket-count=8"
    "memorysetup-bucket-allocator-block-size=33554432"
    "memorysetup-bucket-allocator-block-count=8"
    "memorysetup-main-allocator-block-size=16777216"
    "memorysetup-thread-allocator-block-size=16777216"
    "memorysetup-gfx-main-allocator-block-size=16777216"
    "memorysetup-gfx-thread-allocator-block-size=16777216"
    "memorysetup-cache-allocator-block-size=4194304"
    "memorysetup-typetree-allocator-block-size=2097152"
    "memorysetup-profiler-bucket-allocator-granularity=16"
    "memorysetup-profiler-bucket-allocator-bucket-count=8"
    "memorysetup-profiler-bucket-allocator-block-size=33554432"
    "memorysetup-profiler-bucket-allocator-block-count=8"
    "memorysetup-profiler-allocator-block-size=16777216"
    "memorysetup-profiler-editor-allocator-block-size=1048576"
    "memorysetup-temp-allocator-size-main=16777216"
    "memorysetup-job-temp-allocator-block-size=2097152"
    "memorysetup-job-temp-allocator-block-size-background=1048576"
    "memorysetup-job-temp-allocator-reduction-small-platforms=262144"
    "memorysetup-temp-allocator-size-background-worker=32768"
    "memorysetup-temp-allocator-size-job-worker=262144"
    "memorysetup-temp-allocator-size-preload-manager=33554432"
    "memorysetup-temp-allocator-size-nav-mesh-worker=65536"
    "memorysetup-temp-allocator-size-audio-worker=65536"
    "memorysetup-temp-allocator-size-cloud-worker=32768"
    "memorysetup-temp-allocator-size-gi-baking-worker=262144"
    "memorysetup-temp-allocator-size-gfx=262144"
Player connection [6836] Host "[IP] 192.168.43.254 [Port] 0 [Flags] 2 [Guid] 2956558057 [EditorId] 2956558057 [Version] 1048832 [Id] WindowsEditor(7,DESKTOP-LN7GUG2) [Debug] 1 [PackageName] WindowsEditor [ProjectName] Editor" joined multi-casting on [225.0.0.222:54997]...

Player connection [6836] Host "[IP] 192.168.43.254 [Port] 0 [Flags] 2 [Guid] 2956558057 [EditorId] 2956558057 [Version] 1048832 [Id] WindowsEditor(7,DESKTOP-LN7GUG2) [Debug] 1 [PackageName] WindowsEditor [ProjectName] Editor" joined alternative multi-casting on [225.0.0.222:34997]...

Refreshing native plugins compatible for Editor in 149.31 ms, found 3 plugins.
Preloading 0 native plugins for Editor in 0.00 ms.
Initialize engine version: 2021.3.16f1 (4016570cf34f)
[Subsystems] Discovering subsystems at path C:/Program Files/Unity/Hub/Editor/2021.3.16f1/Editor/Data/Resources/UnitySubsystems
[Subsystems] Discovering subsystems at path C:/Users/Ucenik 1/Desktop/Prison/Assets
GfxDevice: creating device client; threaded=0; jobified=0
Direct3D:
    Version:  Direct3D 11.0 [level 11.1]
    Renderer: NVIDIA GeForce RTX 2080 SUPER (ID=0x1e81)
    Vendor:   NVIDIA
    VRAM:     8010 MB
    Driver:   31.0.15.1694
Initialize mono
Mono path[0] = 'C:/Program Files/Unity/Hub/Editor/2021.3.16f1/Editor/Data/Managed'
Mono path[1] = 'C:/Program Files/Unity/Hub/Editor/2021.3.16f1/Editor/Data/MonoBleedingEdge/lib/mono/unityjit-win32'
Mono config path = 'C:/Program Files/Unity/Hub/Editor/2021.3.16f1/Editor/Data/MonoBleedingEdge/etc'
Using monoOptions --debugger-agent=transport=dt_socket,embedding=1,server=y,suspend=n,address=127.0.0.1:56964
Begin MonoManager ReloadAssembly
Registering precompiled unity dll's ...
Register platform support module: C:/Program Files/Unity/Hub/Editor/2021.3.16f1/Editor/Data/PlaybackEngines/AndroidPlayer/UnityEditor.Android.Extensions.dll
Register platform support module: C:/Program Files/Unity/Hub/Editor/2021.3.16f1/Editor/Data/PlaybackEngines/WindowsStandaloneSupport/UnityEditor.WindowsStandalone.Extensions.dll
Registered in 0.017149 seconds.
Native extension for WindowsStandalone target not found
Native extension for Android target not found
Refreshing native plugins compatible for Editor in 219.14 ms, found 3 plugins.
Preloading 0 native plugins for Editor in 0.00 ms.
Mono: successfully reloaded assembly
- Completed reload, in  1.575 seconds
Domain Reload Profiling:
	ReloadAssembly (1576ms)
		BeginReloadAssembly (176ms)
			ExecutionOrderSort (0ms)
			DisableScriptedObjects (0ms)
			BackupInstance (0ms)
			ReleaseScriptingObjects (0ms)
			CreateAndSetChildDomain (1ms)
		EndReloadAssembly (1157ms)
			LoadAssemblies (166ms)
			RebuildTransferFunctionScriptingTraits (0ms)
			SetupTypeCache (253ms)
			ReleaseScriptCaches (0ms)
			RebuildScriptCaches (59ms)
			SetupLoadedEditorAssemblies (713ms)
				LogAssemblyErrors (0ms)
				InitializePlatformSupportModulesInManaged (124ms)
				SetLoadedEditorAssemblies (1ms)
				RefreshPlugins (219ms)
				BeforeProcessingInitializeOnLoad (4ms)
				ProcessInitializeOnLoadAttributes (242ms)
				ProcessInitializeOnLoadMethodAttributes (123ms)
				AfterProcessingInitializeOnLoad (0ms)
				EditorAssembliesLoaded (0ms)
			ExecutionOrderSort2 (0ms)
			AwakeInstancesAfterBackupRestoration (0ms)
Platform modules already initialized, skipping
Registering precompiled user dll's ...
Registered in 0.018216 seconds.
Begin MonoManager ReloadAssembly
Symbol file LoadedFromMemory doesn't match image C:\Users\Ucenik 1\Desktop\Prison\Library\PackageCache\com.unity.visualscripting@1.7.8\Editor\VisualScripting.Core\Dependencies\YamlDotNet\Unity.VisualScripting.YamlDotNet.dll
Symbol file LoadedFromMemory doesn't match image C:\Users\Ucenik 1\Desktop\Prison\Library\PackageCache\com.unity.visualscripting@1.7.8\Editor\VisualScripting.Core\Dependencies\DotNetZip\Unity.VisualScripting.IonicZip.dll
Native extension for WindowsStandalone target not found
Native extension for Android target not found
Refreshing native plugins compatible for Editor in 0.98 ms, found 3 plugins.
Preloading 0 native plugins for Editor in 0.00 ms.
Mono: successfully reloaded assembly
- Completed reload, in  2.396 seconds
Domain Reload Profiling:
	ReloadAssembly (2398ms)
		BeginReloadAssembly (320ms)
			ExecutionOrderSort (0ms)
			DisableScriptedObjects (14ms)
			BackupInstance (0ms)
			ReleaseScriptingObjects (0ms)
			CreateAndSetChildDomain (138ms)
		EndReloadAssembly (1827ms)
			LoadAssemblies (149ms)
			RebuildTransferFunctionScriptingTraits (0ms)
			SetupTypeCache (682ms)
			ReleaseScriptCaches (1ms)
			RebuildScriptCaches (100ms)
			SetupLoadedEditorAssemblies (812ms)
				LogAssemblyErrors (0ms)
				InitializePlatformSupportModulesInManaged (28ms)
				SetLoadedEditorAssemblies (1ms)
				RefreshPlugins (1ms)
				BeforeProcessingInitializeOnLoad (179ms)
				ProcessInitializeOnLoadAttributes (539ms)
				ProcessInitializeOnLoadMethodAttributes (49ms)
				AfterProcessingInitializeOnLoad (14ms)
				EditorAssembliesLoaded (0ms)
			ExecutionOrderSort2 (0ms)
			AwakeInstancesAfterBackupRestoration (10ms)
Platform modules already initialized, skipping
========================================================================
Worker process is ready to serve import requests
Launched and connected shader compiler UnityShaderCompiler.exe after 0.10 seconds
Refreshing native plugins compatible for Editor in 1.03 ms, found 3 plugins.
Preloading 0 native plugins for Editor in 0.00 ms.
Unloading 3367 Unused Serialized files (Serialized files now loaded: 0)
Unloading 25 unused Assets / (56.4 KB). Loaded Objects now: 3827.
Memory consumption went from 115.7 MB to 115.7 MB.
Total: 6.393800 ms (FindLiveObjects: 0.442700 ms CreateObjectMapping: 0.608400 ms MarkObjects: 5.210700 ms  DeleteObjects: 0.129400 ms)

AssetImportParameters requested are different than current active one (requested -> active):
  custom:video-decoder-ogg-theora: a1e56fd34408186e4bbccfd4996cb3dc -> 
  custom:container-muxer-webm: aa71ff27fc2769a1b78a27578f13a17b -> 
  custom:container-demuxer-webm: 4f35f7cbe854078d1ac9338744f61a02 -> 
  custom:video-encoder-webm-vp8: eb34c28f22e8b96e1ab97ce403110664 -> 
  custom:audio-encoder-webm-vorbis: bf7c407c2cedff20999df2af8eb42d56 -> 
  custom:framework-win-MediaFoundation: 216162199b28c13a410421893ffa2e32 -> 
  custom:container-demuxer-ogg: 62fdf1f143b41e24485cea50d1cbac27 -> 
  custom:video-decoder-webm-vp8: 9c59270c3fd7afecdb556c50c9e8de78 -> 
  custom:audio-decoder-ogg-vorbis: bf7c407c2cedff20999df2af8eb42d56 -> 
========================================================================
Received Import Request.
  Time since last request: 1472186.658731 seconds.
  path: Assets/New Material.mat
  artifactKey: Guid(d99c7977a2a235c4ba90ce6942d0f7e7) Importer(815301076,1909f56bfc062723c751e8b465ee728b)
Start importing Assets/New Material.mat using Guid(d99c7977a2a235c4ba90ce6942d0f7e7) Importer(815301076,1909f56bfc062723c751e8b465ee728b)  -> (artifact id: '7a86f4856336c46076348baac8977394') in 0.948920 seconds 
========================================================================
Received Import Request.
  Time since last request: 0.000040 seconds.
  path: Assets/klupa.fbx
  artifactKey: Guid(80e749b502a439944964c027bd5384d5) Importer(815301076,1909f56bfc062723c751e8b465ee728b)
Start importing Assets/klupa.fbx using Guid(80e749b502a439944964c027bd5384d5) Importer(815301076,1909f56bfc062723c751e8b465ee728b)  -> (artifact id: '64da8c4198e452037879eff4baac42f1') in 0.381316 seconds 
========================================================================
Received Import Request.
  Time since last request: 6.886490 seconds.
  path: Assets/Materials/metal.mat
  artifactKey: Guid(a0d6aad39922ae3499c4a47ac7e1b5bb) Importer(815301076,1909f56bfc062723c751e8b465ee728b)
Start importing Assets/Materials/metal.mat using Guid(a0d6aad39922ae3499c4a47ac7e1b5bb) Importer(815301076,1909f56bfc062723c751e8b465ee728b)  -> (artifact id: '575878c900f0d154c03b701e381d7413') in 0.015693 seconds 
========================================================================
Received Import Request.
  Time since last request: 1.804970 seconds.
  path: Assets/Scenes
  artifactKey: Guid(6ea315d0fd7389c41b19996891e99ae3) Importer(815301076,1909f56bfc062723c751e8b465ee728b)
Start importing Assets/Scenes using Guid(6ea315d0fd7389c41b19996891e99ae3) Importer(815301076,1909f56bfc062723c751e8b465ee728b)  -> (artifact id: 'b8193726cff86800c54781cdc6d54904') in 0.007819 seconds 
========================================================================
Received Import Request.
  Time since last request: 9.149165 seconds.
  path: Assets/Scenes/MainMenu.unity
  artifactKey: Guid(cc39f6828802e04489aef62e97cf561e) Importer(815301076,1909f56bfc062723c751e8b465ee728b)
Start importing Assets/Scenes/MainMenu.unity using Guid(cc39f6828802e04489aef62e97cf561e) Importer(815301076,1909f56bfc062723c751e8b465ee728b)  -> (artifact id: '116049324e2754cb8df72132df9dd555') in 0.008949 seconds 
========================================================================
Received Import Request.
  Time since last request: 38.519065 seconds.
  path: Assets/Scenes/SampleScene.unity
  artifactKey: Guid(9fc0d4010bbf28b4594072e72b8655ab) Importer(815301076,1909f56bfc062723c751e8b465ee728b)
Start importing Assets/Scenes/SampleScene.unity using Guid(9fc0d4010bbf28b4594072e72b8655ab) Importer(815301076,1909f56bfc062723c751e8b465ee728b)  -> (artifact id: 'a38c2b5df3f3bdc96834ea474afa6c69') in 0.005844 seconds 
========================================================================
Received Import Request.
  Time since last request: 4.110511 seconds.
  path: Assets/Scenes/MainMenu.unity
  artifactKey: Guid(cc39f6828802e04489aef62e97cf561e) Importer(815301076,1909f56bfc062723c751e8b465ee728b)
Start importing Assets/Scenes/MainMenu.unity using Guid(cc39f6828802e04489aef62e97cf561e) Importer(815301076,1909f56bfc062723c751e8b465ee728b)  -> (artifact id: '494cdabbea9d41ddbfa79cdc2adbc023') in 0.002580 seconds 
========================================================================
Received Import Request.
  Time since last request: 331.138027 seconds.
  path: Assets/Scenes/MicrosoftTeams-image (14).png
  artifactKey: Guid(722f800992ac6e247a36082792c91999) Importer(815301076,1909f56bfc062723c751e8b465ee728b)
Start importing Assets/Scenes/MicrosoftTeams-image (14).png using Guid(722f800992ac6e247a36082792c91999) Importer(815301076,1909f56bfc062723c751e8b465ee728b)  -> (artifact id: '77e6b16263f972d0677606d188b473b7') in 0.019393 seconds 
========================================================================
Received Import Request.
  Time since last request: 181.758243 seconds.
  path: Assets/Scenes/Menu.png
  artifactKey: Guid(8c371df900463514a95f1aa2a802016e) Importer(815301076,1909f56bfc062723c751e8b465ee728b)
Start importing Assets/Scenes/Menu.png using Guid(8c371df900463514a95f1aa2a802016e) Importer(815301076,1909f56bfc062723c751e8b465ee728b)  -> (artifact id: 'd2cb136ca92e294981b5384985c7b07a') in 0.011346 seconds 
========================================================================
Received Import Request.
  Time since last request: 531.193506 seconds.
  path: Assets/Scenes/Menu.png
  artifactKey: Guid(8c371df900463514a95f1aa2a802016e) Importer(815301076,1909f56bfc062723c751e8b465ee728b)
Start importing Assets/Scenes/Menu.png using Guid(8c371df900463514a95f1aa2a802016e) Importer(815301076,1909f56bfc062723c751e8b465ee728b)  -> (artifact id: 'dd0c1d43bb9f499b235ba25d75add9b3') in 0.039482 seconds 
========================================================================
Received Import Request.
  Time since last request: 8.091304 seconds.
  path: Assets/Scenes/Menu.png
  artifactKey: Guid(8c371df900463514a95f1aa2a802016e) Importer(815301076,1909f56bfc062723c751e8b465ee728b)
Start importing Assets/Scenes/Menu.png using Guid(8c371df900463514a95f1aa2a802016e) Importer(815301076,1909f56bfc062723c751e8b465ee728b)  -> (artifact id: '408bdc6401d391da1504f397eb039096') in 0.027363 seconds 
========================================================================
Received Prepare
Registering precompiled user dll's ...
Registered in 0.015835 seconds.
Begin MonoManager ReloadAssembly
Symbol file LoadedFromMemory doesn't match image C:\Users\Ucenik 1\Desktop\Prison\Library\PackageCache\com.unity.visualscripting@1.7.8\Editor\VisualScripting.Core\Dependencies\YamlDotNet\Unity.VisualScripting.YamlDotNet.dll
Symbol file LoadedFromMemory doesn't match image C:\Users\Ucenik 1\Desktop\Prison\Library\PackageCache\com.unity.visualscripting@1.7.8\Editor\VisualScripting.Core\Dependencies\DotNetZip\Unity.VisualScripting.IonicZip.dll
Native extension for WindowsStandalone target not found
Native extension for Android target not found
Refreshing native plugins compatible for Editor in 173.99 ms, found 4 plugins.
Preloading 0 native plugins for Editor in 0.00 ms.
Mono: successfully reloaded assembly
- Completed reload, in  2.346 seconds
Domain Reload Profiling:
	ReloadAssembly (2347ms)
		BeginReloadAssembly (257ms)
			ExecutionOrderSort (0ms)
			DisableScriptedObjects (8ms)
			BackupInstance (0ms)
			ReleaseScriptingObjects (0ms)
			CreateAndSetChildDomain (70ms)
		EndReloadAssembly (1840ms)
			LoadAssemblies (176ms)
			RebuildTransferFunctionScriptingTraits (0ms)
			SetupTypeCache (627ms)
			ReleaseScriptCaches (2ms)
			RebuildScriptCaches (66ms)
			SetupLoadedEditorAssemblies (889ms)
				LogAssemblyErrors (0ms)
				InitializePlatformSupportModulesInManaged (37ms)
				SetLoadedEditorAssemblies (0ms)
				RefreshPlugins (174ms)
				BeforeProcessingInitializeOnLoad (140ms)
				ProcessInitializeOnLoadAttributes (435ms)
				ProcessInitializeOnLoadMethodAttributes (88ms)
				AfterProcessingInitializeOnLoad (14ms)
				EditorAssembliesLoaded (0ms)
			ExecutionOrderSort2 (0ms)
			AwakeInstancesAfterBackupRestoration (11ms)
Platform modules already initialized, skipping
Refreshing native plugins compatible for Editor in 3.88 ms, found 4 plugins.
Preloading 0 native plugins for Editor in 0.00 ms.
Unloading 4175 Unused Serialized files (Serialized files now loaded: 0)
Unloading 31 unused Assets / (166.5 KB). Loaded Objects now: 4685.
Memory consumption went from 159.8 MB to 159.7 MB.
Total: 5.292900 ms (FindLiveObjects: 0.433200 ms CreateObjectMapping: 0.328600 ms MarkObjects: 4.338300 ms  DeleteObjects: 0.191700 ms)

AssetImportParameters requested are different than current active one (requested -> active):
  custom:video-decoder-ogg-theora: a1e56fd34408186e4bbccfd4996cb3dc -> 
  custom:container-muxer-webm: aa71ff27fc2769a1b78a27578f13a17b -> 
  custom:container-demuxer-webm: 4f35f7cbe854078d1ac9338744f61a02 -> 
  custom:video-encoder-webm-vp8: eb34c28f22e8b96e1ab97ce403110664 -> 
  custom:audio-encoder-webm-vorbis: bf7c407c2cedff20999df2af8eb42d56 -> 
  custom:framework-win-MediaFoundation: 216162199b28c13a410421893ffa2e32 -> 
  custom:container-demuxer-ogg: 62fdf1f143b41e24485cea50d1cbac27 -> 
  custom:video-decoder-webm-vp8: 9c59270c3fd7afecdb556c50c9e8de78 -> 
  custom:audio-decoder-ogg-vorbis: bf7c407c2cedff20999df2af8eb42d56 -> 
========================================================================
Received Import Request.
  Time since last request: 597.692708 seconds.
  path: Assets/Scenes/Menu.png
  artifactKey: Guid(8c371df900463514a95f1aa2a802016e) Importer(815301076,1909f56bfc062723c751e8b465ee728b)
Start importing Assets/Scenes/Menu.png using Guid(8c371df900463514a95f1aa2a802016e) Importer(815301076,1909f56bfc062723c751e8b465ee728b)  -> (artifact id: '1715b0c560198a2f0f0301294287dbed') in 0.268277 seconds 
========================================================================
Received Import Request.
  Time since last request: 111.032274 seconds.
  path: Assets/Scenes/Menu.png
  artifactKey: Guid(8c371df900463514a95f1aa2a802016e) Importer(815301076,1909f56bfc062723c751e8b465ee728b)
Start importing Assets/Scenes/Menu.png using Guid(8c371df900463514a95f1aa2a802016e) Importer(815301076,1909f56bfc062723c751e8b465ee728b)  -> (artifact id: 'd280026b2c90071a7223aac62ee82065') in 0.184896 seconds 
========================================================================
Received Import Request.
  Time since last request: 15.401318 seconds.
  path: Assets/Scenes/Menu.png
  artifactKey: Guid(8c371df900463514a95f1aa2a802016e) Importer(815301076,1909f56bfc062723c751e8b465ee728b)
Start importing Assets/Scenes/Menu.png using Guid(8c371df900463514a95f1aa2a802016e) Importer(815301076,1909f56bfc062723c751e8b465ee728b)  -> (artifact id: 'cf7c1a6e05b6b7ae4c10cad42c82ff58') in 0.082497 seconds 
========================================================================
Received Import Request.
  Time since last request: 52.376034 seconds.
  path: Assets/Scenes/MicrosoftTeams-image (14).png
  artifactKey: Guid(722f800992ac6e247a36082792c91999) Importer(815301076,1909f56bfc062723c751e8b465ee728b)
Start importing Assets/Scenes/MicrosoftTeams-image (14).png using Guid(722f800992ac6e247a36082792c91999) Importer(815301076,1909f56bfc062723c751e8b465ee728b)  -> (artifact id: '716a65c079a2815bd6ce3659397ab2e2') in 0.043674 seconds 
========================================================================
Received Import Request.
  Time since last request: 1.368525 seconds.
  path: Assets/Scenes/MicrosoftTeams-image (14).png
  artifactKey: Guid(722f800992ac6e247a36082792c91999) Importer(815301076,1909f56bfc062723c751e8b465ee728b)
Start importing Assets/Scenes/MicrosoftTeams-image (14).png using Guid(722f800992ac6e247a36082792c91999) Importer(815301076,1909f56bfc062723c751e8b465ee728b)  -> (artifact id: '972d00ad1d2175b87da8bbb4fc94805e') in 0.221505 seconds 
========================================================================
Received Import Request.
  Time since last request: 927.696240 seconds.
  path: Assets/Scenes/image.jpg
  artifactKey: Guid(560d9c8fc8d105547885a7dbf7e3ce79) Importer(815301076,1909f56bfc062723c751e8b465ee728b)
Start importing Assets/Scenes/image.jpg using Guid(560d9c8fc8d105547885a7dbf7e3ce79) Importer(815301076,1909f56bfc062723c751e8b465ee728b)  -> (artifact id: '7f41cabeecc3e47b55e81d168e990a8b') in 0.039317 seconds 
========================================================================
Received Import Request.
  Time since last request: 12.223394 seconds.
  path: Assets/Scenes/image.jpg
  artifactKey: Guid(560d9c8fc8d105547885a7dbf7e3ce79) Importer(815301076,1909f56bfc062723c751e8b465ee728b)
Start importing Assets/Scenes/image.jpg using Guid(560d9c8fc8d105547885a7dbf7e3ce79) Importer(815301076,1909f56bfc062723c751e8b465ee728b)  -> (artifact id: 'cefc4422022d81a0e7ff87f3a4a88be2') in 0.020276 seconds 
========================================================================
Received Import Request.
  Time since last request: 992.067006 seconds.
  path: Assets/Scenes/fuga_de_la_prision.psd
  artifactKey: Guid(7de9bdd781a92a84ea1dcae8a0a1b416) Importer(815301076,1909f56bfc062723c751e8b465ee728b)
Start importing Assets/Scenes/fuga_de_la_prision.psd using Guid(7de9bdd781a92a84ea1dcae8a0a1b416) Importer(815301076,1909f56bfc062723c751e8b465ee728b)  -> (artifact id: '72c83c80be6005d40fe3c9aadedaa052') in 0.023405 seconds 
========================================================================
Received Import Request.
  Time since last request: 71.301390 seconds.
  path: Assets/Scenes/fuga_de_la_prision.psd
  artifactKey: Guid(7de9bdd781a92a84ea1dcae8a0a1b416) Importer(815301076,1909f56bfc062723c751e8b465ee728b)
Start importing Assets/Scenes/fuga_de_la_prision.psd using Guid(7de9bdd781a92a84ea1dcae8a0a1b416) Importer(815301076,1909f56bfc062723c751e8b465ee728b)  -> (artifact id: '348185c194f4ae9b493feea5231e65ae') in 0.138126 seconds 
========================================================================
Received Import Request.
  Time since last request: 125.313752 seconds.
  path: Assets/Scenes/fuga_de_la_prision_tipografija.png
  artifactKey: Guid(14cf82585c72c2e4db7045356bb83e26) Importer(815301076,1909f56bfc062723c751e8b465ee728b)
Start importing Assets/Scenes/fuga_de_la_prision_tipografija.png using Guid(14cf82585c72c2e4db7045356bb83e26) Importer(815301076,1909f56bfc062723c751e8b465ee728b)  -> (artifact id: '6f2166be71f763e2075a4edcfbf9fc93') in 0.011693 seconds 
========================================================================
Received Import Request.
  Time since last request: 35.291848 seconds.
  path: Assets/Scenes/fuga_de_la_prision_tipografija.png
  artifactKey: Guid(14cf82585c72c2e4db7045356bb83e26) Importer(815301076,1909f56bfc062723c751e8b465ee728b)
Start importing Assets/Scenes/fuga_de_la_prision_tipografija.png using Guid(14cf82585c72c2e4db7045356bb83e26) Importer(815301076,1909f56bfc062723c751e8b465ee728b)  -> (artifact id: '6f96e0c8a73c5bbd63c21f3db847dae3') in 0.151302 seconds 
========================================================================
Received Import Request.
  Time since last request: 491.518376 seconds.
  path: Assets/fuga_de_la_prision.psd
  artifactKey: Guid(2d925d35f17fa2c46be1c39f424f9091) Importer(815301076,1909f56bfc062723c751e8b465ee728b)
Start importing Assets/fuga_de_la_prision.psd using Guid(2d925d35f17fa2c46be1c39f424f9091) Importer(815301076,1909f56bfc062723c751e8b465ee728b)  -> (artifact id: '0f03c4a734f60368206be8bcb10efa5a') in 0.012799 seconds 
========================================================================
Received Import Request.
  Time since last request: 36.640295 seconds.
  path: Assets/Scenes/Tanker_Complete.zip
  artifactKey: Guid(0b0df205835c6154da14f63d8bbc0b0c) Importer(815301076,1909f56bfc062723c751e8b465ee728b)
Start importing Assets/Scenes/Tanker_Complete.zip using Guid(0b0df205835c6154da14f63d8bbc0b0c) Importer(815301076,1909f56bfc062723c751e8b465ee728b)  -> (artifact id: 'df4954f4571515652ac3f19eedebcb59') in 0.009338 seconds 
========================================================================
Received Import Request.
  Time since last request: 28.655373 seconds.
  path: Assets/Scenes/fuga_de_la_prision121112212.psd
  artifactKey: Guid(0a0e34d22f7481e4f92511966d796339) Importer(815301076,1909f56bfc062723c751e8b465ee728b)
Start importing Assets/Scenes/fuga_de_la_prision121112212.psd using Guid(0a0e34d22f7481e4f92511966d796339) Importer(815301076,1909f56bfc062723c751e8b465ee728b)  -> (artifact id: '8c4f2feb9f34ebdaae653998f955e288') in 0.016108 seconds 
========================================================================
Received Import Request.
  Time since last request: 74.349768 seconds.
  path: Assets/Scenes/fuga_de_la_prision121112212.png
  artifactKey: Guid(c5b25077e1e2b624fb70f7eed05255cd) Importer(815301076,1909f56bfc062723c751e8b465ee728b)
Start importing Assets/Scenes/fuga_de_la_prision121112212.png using Guid(c5b25077e1e2b624fb70f7eed05255cd) Importer(815301076,1909f56bfc062723c751e8b465ee728b)  -> (artifact id: 'fa93a204f5b4f7f83ad0007ccb0b4954') in 0.011858 seconds 
========================================================================
Received Import Request.
  Time since last request: 38.895675 seconds.
  path: Assets/Scenes/fuga_de_la_prision121112212.psd
  artifactKey: Guid(0a0e34d22f7481e4f92511966d796339) Importer(815301076,1909f56bfc062723c751e8b465ee728b)
Start importing Assets/Scenes/fuga_de_la_prision121112212.psd using Guid(0a0e34d22f7481e4f92511966d796339) Importer(815301076,1909f56bfc062723c751e8b465ee728b)  -> (artifact id: '92a0e961ebc058eff1f4ac9feea8d820') in 0.115760 seconds 
========================================================================
Received Import Request.
  Time since last request: 296.582738 seconds.
  path: Assets/Scenes/Menu.png
  artifactKey: Guid(8c371df900463514a95f1aa2a802016e) Importer(815301076,1909f56bfc062723c751e8b465ee728b)
Start importing Assets/Scenes/Menu.png using Guid(8c371df900463514a95f1aa2a802016e) Importer(815301076,1909f56bfc062723c751e8b465ee728b)  -> (artifact id: 'f5b8696543b6734bb70b9c032564c706') in 0.141784 seconds 
