Using pre-set license
Built from '2021.3/staging' branch; Version is '2021.3.16f1 (4016570cf34f) revision 4200023'; Using compiler version '192829333'; Build Type 'Release'
OS: 'Windows 10  (10.0.19045) 64bit Education' Language: 'sr' Physical Memory: 16303 MB
BatchMode: 1, IsHumanControllingUs: 0, StartBugReporterOnCrash: 0, Is64bit: 1, IsPro: 1

COMMAND LINE ARGUMENTS:
C:\Program Files\Unity\Hub\Editor\2021.3.16f1\Editor\Unity.exe
-adb2
-batchMode
-noUpm
-name
AssetImportWorker1
-projectPath
C:/Users/Ucenik 1/Desktop/Prison
-logFile
Logs/AssetImportWorker1.log
-srvPort
62436
Successfully changed project path to: C:/Users/Ucenik 1/Desktop/Prison
C:/Users/Ucenik 1/Desktop/Prison
[UnityMemory] Configuration Parameters - Can be set up in boot.config
    "memorysetup-bucket-allocator-granularity=16"
    "memorysetup-bucket-allocator-bucket-count=8"
    "memorysetup-bucket-allocator-block-size=33554432"
    "memorysetup-bucket-allocator-block-count=8"
    "memorysetup-main-allocator-block-size=16777216"
    "memorysetup-thread-allocator-block-size=16777216"
    "memorysetup-gfx-main-allocator-block-size=16777216"
    "memorysetup-gfx-thread-allocator-block-size=16777216"
    "memorysetup-cache-allocator-block-size=4194304"
    "memorysetup-typetree-allocator-block-size=2097152"
    "memorysetup-profiler-bucket-allocator-granularity=16"
    "memorysetup-profiler-bucket-allocator-bucket-count=8"
    "memorysetup-profiler-bucket-allocator-block-size=33554432"
    "memorysetup-profiler-bucket-allocator-block-count=8"
    "memorysetup-profiler-allocator-block-size=16777216"
    "memorysetup-profiler-editor-allocator-block-size=1048576"
    "memorysetup-temp-allocator-size-main=16777216"
    "memorysetup-job-temp-allocator-block-size=2097152"
    "memorysetup-job-temp-allocator-block-size-background=1048576"
    "memorysetup-job-temp-allocator-reduction-small-platforms=262144"
    "memorysetup-temp-allocator-size-background-worker=32768"
    "memorysetup-temp-allocator-size-job-worker=262144"
    "memorysetup-temp-allocator-size-preload-manager=33554432"
    "memorysetup-temp-allocator-size-nav-mesh-worker=65536"
    "memorysetup-temp-allocator-size-audio-worker=65536"
    "memorysetup-temp-allocator-size-cloud-worker=32768"
    "memorysetup-temp-allocator-size-gi-baking-worker=262144"
    "memorysetup-temp-allocator-size-gfx=262144"
Player connection [17324] Host "[IP] 192.168.43.254 [Port] 0 [Flags] 2 [Guid] 4168986253 [EditorId] 4168986253 [Version] 1048832 [Id] WindowsEditor(7,DESKTOP-LN7GUG2) [Debug] 1 [PackageName] WindowsEditor [ProjectName] Editor" joined multi-casting on [225.0.0.222:54997]...

Player connection [17324] Host "[IP] 192.168.43.254 [Port] 0 [Flags] 2 [Guid] 4168986253 [EditorId] 4168986253 [Version] 1048832 [Id] WindowsEditor(7,DESKTOP-LN7GUG2) [Debug] 1 [PackageName] WindowsEditor [ProjectName] Editor" joined alternative multi-casting on [225.0.0.222:34997]...

Refreshing native plugins compatible for Editor in 277.43 ms, found 4 plugins.
Preloading 0 native plugins for Editor in 0.00 ms.
Initialize engine version: 2021.3.16f1 (4016570cf34f)
[Subsystems] Discovering subsystems at path C:/Program Files/Unity/Hub/Editor/2021.3.16f1/Editor/Data/Resources/UnitySubsystems
[Subsystems] Discovering subsystems at path C:/Users/Ucenik 1/Desktop/Prison/Assets
GfxDevice: creating device client; threaded=0; jobified=0
Direct3D:
    Version:  Direct3D 11.0 [level 11.1]
    Renderer: NVIDIA GeForce RTX 2080 SUPER (ID=0x1e81)
    Vendor:   NVIDIA
    VRAM:     8010 MB
    Driver:   31.0.15.1694
Initialize mono
Mono path[0] = 'C:/Program Files/Unity/Hub/Editor/2021.3.16f1/Editor/Data/Managed'
Mono path[1] = 'C:/Program Files/Unity/Hub/Editor/2021.3.16f1/Editor/Data/MonoBleedingEdge/lib/mono/unityjit-win32'
Mono config path = 'C:/Program Files/Unity/Hub/Editor/2021.3.16f1/Editor/Data/MonoBleedingEdge/etc'
Using monoOptions --debugger-agent=transport=dt_socket,embedding=1,server=y,suspend=n,address=127.0.0.1:56120
Begin MonoManager ReloadAssembly
Registering precompiled unity dll's ...
Register platform support module: C:/Program Files/Unity/Hub/Editor/2021.3.16f1/Editor/Data/PlaybackEngines/AndroidPlayer/UnityEditor.Android.Extensions.dll
Register platform support module: C:/Program Files/Unity/Hub/Editor/2021.3.16f1/Editor/Data/PlaybackEngines/WindowsStandaloneSupport/UnityEditor.WindowsStandalone.Extensions.dll
Registered in 0.019450 seconds.
Native extension for WindowsStandalone target not found
Native extension for Android target not found
Refreshing native plugins compatible for Editor in 319.28 ms, found 4 plugins.
Preloading 0 native plugins for Editor in 0.00 ms.
Mono: successfully reloaded assembly
- Completed reload, in  1.832 seconds
Domain Reload Profiling:
	ReloadAssembly (1833ms)
		BeginReloadAssembly (178ms)
			ExecutionOrderSort (0ms)
			DisableScriptedObjects (0ms)
			BackupInstance (0ms)
			ReleaseScriptingObjects (0ms)
			CreateAndSetChildDomain (2ms)
		EndReloadAssembly (1387ms)
			LoadAssemblies (173ms)
			RebuildTransferFunctionScriptingTraits (0ms)
			SetupTypeCache (273ms)
			ReleaseScriptCaches (0ms)
			RebuildScriptCaches (70ms)
			SetupLoadedEditorAssemblies (909ms)
				LogAssemblyErrors (0ms)
				InitializePlatformSupportModulesInManaged (142ms)
				SetLoadedEditorAssemblies (0ms)
				RefreshPlugins (320ms)
				BeforeProcessingInitializeOnLoad (6ms)
				ProcessInitializeOnLoadAttributes (326ms)
				ProcessInitializeOnLoadMethodAttributes (115ms)
				AfterProcessingInitializeOnLoad (0ms)
				EditorAssembliesLoaded (0ms)
			ExecutionOrderSort2 (0ms)
			AwakeInstancesAfterBackupRestoration (0ms)
Platform modules already initialized, skipping
Registering precompiled user dll's ...
Registered in 0.019646 seconds.
Begin MonoManager ReloadAssembly
Symbol file LoadedFromMemory doesn't match image C:\Users\Ucenik 1\Desktop\Prison\Library\PackageCache\com.unity.visualscripting@1.7.8\Editor\VisualScripting.Core\Dependencies\YamlDotNet\Unity.VisualScripting.YamlDotNet.dll
Symbol file LoadedFromMemory doesn't match image C:\Users\Ucenik 1\Desktop\Prison\Library\PackageCache\com.unity.visualscripting@1.7.8\Editor\VisualScripting.Core\Dependencies\DotNetZip\Unity.VisualScripting.IonicZip.dll
Native extension for WindowsStandalone target not found
Native extension for Android target not found
Refreshing native plugins compatible for Editor in 235.00 ms, found 4 plugins.
Preloading 0 native plugins for Editor in 0.00 ms.
Mono: successfully reloaded assembly
- Completed reload, in  3.301 seconds
Domain Reload Profiling:
	ReloadAssembly (3303ms)
		BeginReloadAssembly (425ms)
			ExecutionOrderSort (0ms)
			DisableScriptedObjects (26ms)
			BackupInstance (0ms)
			ReleaseScriptingObjects (0ms)
			CreateAndSetChildDomain (144ms)
		EndReloadAssembly (2558ms)
			LoadAssemblies (231ms)
			RebuildTransferFunctionScriptingTraits (0ms)
			SetupTypeCache (761ms)
			ReleaseScriptCaches (1ms)
			RebuildScriptCaches (155ms)
			SetupLoadedEditorAssemblies (1309ms)
				LogAssemblyErrors (0ms)
				InitializePlatformSupportModulesInManaged (33ms)
				SetLoadedEditorAssemblies (0ms)
				RefreshPlugins (235ms)
				BeforeProcessingInitializeOnLoad (275ms)
				ProcessInitializeOnLoadAttributes (644ms)
				ProcessInitializeOnLoadMethodAttributes (104ms)
				AfterProcessingInitializeOnLoad (18ms)
				EditorAssembliesLoaded (0ms)
			ExecutionOrderSort2 (0ms)
			AwakeInstancesAfterBackupRestoration (12ms)
Platform modules already initialized, skipping
========================================================================
Worker process is ready to serve import requests
Launched and connected shader compiler UnityShaderCompiler.exe after 0.08 seconds
Refreshing native plugins compatible for Editor in 1.42 ms, found 4 plugins.
Preloading 0 native plugins for Editor in 0.00 ms.
Unloading 4183 Unused Serialized files (Serialized files now loaded: 0)
Unloading 39 unused Assets / (56.4 KB). Loaded Objects now: 4642.
Memory consumption went from 156.2 MB to 156.1 MB.
Total: 7.452400 ms (FindLiveObjects: 0.599000 ms CreateObjectMapping: 0.594800 ms MarkObjects: 6.088600 ms  DeleteObjects: 0.167600 ms)

AssetImportParameters requested are different than current active one (requested -> active):
  custom:video-decoder-ogg-theora: a1e56fd34408186e4bbccfd4996cb3dc -> 
  custom:container-muxer-webm: aa71ff27fc2769a1b78a27578f13a17b -> 
  custom:container-demuxer-webm: 4f35f7cbe854078d1ac9338744f61a02 -> 
  custom:video-encoder-webm-vp8: eb34c28f22e8b96e1ab97ce403110664 -> 
  custom:audio-encoder-webm-vorbis: bf7c407c2cedff20999df2af8eb42d56 -> 
  custom:framework-win-MediaFoundation: 216162199b28c13a410421893ffa2e32 -> 
  custom:container-demuxer-ogg: 62fdf1f143b41e24485cea50d1cbac27 -> 
  custom:video-decoder-webm-vp8: 9c59270c3fd7afecdb556c50c9e8de78 -> 
  custom:audio-decoder-ogg-vorbis: bf7c407c2cedff20999df2af8eb42d56 -> 
========================================================================
Received Import Request.
  Time since last request: 1656852.220893 seconds.
  path: Assets/Scenes/Menu.png
  artifactKey: Guid(8c371df900463514a95f1aa2a802016e) Importer(815301076,1909f56bfc062723c751e8b465ee728b)
Start importing Assets/Scenes/Menu.png using Guid(8c371df900463514a95f1aa2a802016e) Importer(815301076,1909f56bfc062723c751e8b465ee728b)  -> (artifact id: 'f5b8696543b6734bb70b9c032564c706') in 0.521769 seconds 
========================================================================
Received Import Request.
  Time since last request: 0.000045 seconds.
  path: Assets/Scenes/fuga_de_la_prision121112212.psd
  artifactKey: Guid(0a0e34d22f7481e4f92511966d796339) Importer(815301076,1909f56bfc062723c751e8b465ee728b)
Start importing Assets/Scenes/fuga_de_la_prision121112212.psd using Guid(0a0e34d22f7481e4f92511966d796339) Importer(815301076,1909f56bfc062723c751e8b465ee728b)  -> (artifact id: '92a0e961ebc058eff1f4ac9feea8d820') in 0.250215 seconds 
========================================================================
Received Import Request.
  Time since last request: 259.433731 seconds.
  path: Assets/flashlight.fbx
  artifactKey: Guid(315d790b0586bee4f977a68ab77a20db) Importer(815301076,1909f56bfc062723c751e8b465ee728b)
Start importing Assets/flashlight.fbx using Guid(315d790b0586bee4f977a68ab77a20db) Importer(815301076,1909f56bfc062723c751e8b465ee728b)  -> (artifact id: '9ab515b698d010f8def60fbd3c802c16') in 0.462073 seconds 
========================================================================
Received Import Request.
  Time since last request: 0.000033 seconds.
  path: Assets/Lamp.fbx
  artifactKey: Guid(ff5bd0cb522335049a476f21010ab893) Importer(815301076,1909f56bfc062723c751e8b465ee728b)
Start importing Assets/Lamp.fbx using Guid(ff5bd0cb522335049a476f21010ab893) Importer(815301076,1909f56bfc062723c751e8b465ee728b)  -> (artifact id: 'be9fb1f9aa659e89edb01f0347742c1f') in 0.025472 seconds 
========================================================================
Received Import Request.
  Time since last request: 0.000029 seconds.
  path: Assets/klupa 1.fbx
  artifactKey: Guid(d0dc07525ed4b464fbffa7047af14d6a) Importer(815301076,1909f56bfc062723c751e8b465ee728b)
Start importing Assets/klupa 1.fbx using Guid(d0dc07525ed4b464fbffa7047af14d6a) Importer(815301076,1909f56bfc062723c751e8b465ee728b)  -> (artifact id: '5caea992196a58045adf33d345c83a30') in 0.027410 seconds 
========================================================================
Received Import Request.
  Time since last request: 0.000021 seconds.
  path: Assets/zid.fbx
  artifactKey: Guid(f639822ba4cb87142968b6cc50d0b01f) Importer(815301076,1909f56bfc062723c751e8b465ee728b)
Start importing Assets/zid.fbx using Guid(f639822ba4cb87142968b6cc50d0b01f) Importer(815301076,1909f56bfc062723c751e8b465ee728b)  -> (artifact id: '9bc341be64a7537a85953b3a03a3793b') in 0.022422 seconds 
========================================================================
Received Import Request.
  Time since last request: 0.000028 seconds.
  path: Assets/keycard.fbx
  artifactKey: Guid(2e8a0969a2435084b82555b5c3f659e7) Importer(815301076,1909f56bfc062723c751e8b465ee728b)
Start importing Assets/keycard.fbx using Guid(2e8a0969a2435084b82555b5c3f659e7) Importer(815301076,1909f56bfc062723c751e8b465ee728b)  -> (artifact id: '1e12dab4a2d004528cd44de520243e9d') in 0.030502 seconds 
========================================================================
Received Import Request.
  Time since last request: 0.000027 seconds.
  path: Assets/Material.007.mat
  artifactKey: Guid(e247088852bb8804abfb7a8d47f2a5b0) Importer(815301076,1909f56bfc062723c751e8b465ee728b)
Start importing Assets/Material.007.mat using Guid(e247088852bb8804abfb7a8d47f2a5b0) Importer(815301076,1909f56bfc062723c751e8b465ee728b)  -> (artifact id: 'fdffd2d78027a7a7ba8d96088e299bef') in 0.016731 seconds 
========================================================================
Received Import Request.
  Time since last request: 0.000030 seconds.
  path: Assets/Material.006.mat
  artifactKey: Guid(174762e6cd890b94d9db4973f57adf56) Importer(815301076,1909f56bfc062723c751e8b465ee728b)
Start importing Assets/Material.006.mat using Guid(174762e6cd890b94d9db4973f57adf56) Importer(815301076,1909f56bfc062723c751e8b465ee728b)  -> (artifact id: 'b40ab33a55ee546e0bba0df1ee954c79') in 0.013532 seconds 
========================================================================
Received Import Request.
  Time since last request: 0.000021 seconds.
  path: Assets/Material.005.mat
  artifactKey: Guid(d558067550fb032408c7e916b92baae4) Importer(815301076,1909f56bfc062723c751e8b465ee728b)
Start importing Assets/Material.005.mat using Guid(d558067550fb032408c7e916b92baae4) Importer(815301076,1909f56bfc062723c751e8b465ee728b)  -> (artifact id: '2998f6836fa7304a6d9042c09d552e01') in 0.013453 seconds 
========================================================================
Received Import Request.
  Time since last request: 0.000022 seconds.
  path: Assets/kreveti 1.fbx
  artifactKey: Guid(86ba5a9d30acd6c41917ff1e4b7c53b9) Importer(815301076,1909f56bfc062723c751e8b465ee728b)
Start importing Assets/kreveti 1.fbx using Guid(86ba5a9d30acd6c41917ff1e4b7c53b9) Importer(815301076,1909f56bfc062723c751e8b465ee728b)  -> (artifact id: '817220b0d2efddb3daa1a28c53e77651') in 0.018732 seconds 
========================================================================
Received Import Request.
  Time since last request: 0.000031 seconds.
  path: Assets/wc_papir.fbx
  artifactKey: Guid(64f42dc466d0f6a458f6767fe032ceab) Importer(815301076,1909f56bfc062723c751e8b465ee728b)
Start importing Assets/wc_papir.fbx using Guid(64f42dc466d0f6a458f6767fe032ceab) Importer(815301076,1909f56bfc062723c751e8b465ee728b)  -> (artifact id: '40a9657f186bef702fb51a1e2ffa8eb5') in 0.021925 seconds 
========================================================================
Received Import Request.
  Time since last request: 0.000036 seconds.
  path: Assets/wtar pktur..png
  artifactKey: Guid(79b341f0364a6044688800eca020a652) Importer(815301076,1909f56bfc062723c751e8b465ee728b)
Start importing Assets/wtar pktur..png using Guid(79b341f0364a6044688800eca020a652) Importer(815301076,1909f56bfc062723c751e8b465ee728b)  -> (artifact id: 'ccc1a4c8d6f1d29736ce7c06f61c7a04') in 0.013156 seconds 
========================================================================
Received Import Request.
  Time since last request: 0.000036 seconds.
  path: Assets/prozori.fbx
  artifactKey: Guid(888de1ec2aac31945b7c190b5558f2cb) Importer(815301076,1909f56bfc062723c751e8b465ee728b)
Start importing Assets/prozori.fbx using Guid(888de1ec2aac31945b7c190b5558f2cb) Importer(815301076,1909f56bfc062723c751e8b465ee728b)  -> (artifact id: '835d6c4465d54ec1c094314bf4b48c18') in 0.020940 seconds 
========================================================================
Received Import Request.
  Time since last request: 0.000025 seconds.
  path: Assets/ograda.fbx
  artifactKey: Guid(17320bf2ea4766a40ad39c4372fbd0f5) Importer(815301076,1909f56bfc062723c751e8b465ee728b)
Start importing Assets/ograda.fbx using Guid(17320bf2ea4766a40ad39c4372fbd0f5) Importer(815301076,1909f56bfc062723c751e8b465ee728b)  -> (artifact id: '5642cb43ad2fb875c2d8db2b0fd0ada5') in 0.020440 seconds 
========================================================================
Received Import Request.
  Time since last request: 0.000028 seconds.
  path: Assets/čelije.fbx
  artifactKey: Guid(cc868ffebab95d447abeb216ba40a7fa) Importer(815301076,1909f56bfc062723c751e8b465ee728b)
Start importing Assets/čelije.fbx using Guid(cc868ffebab95d447abeb216ba40a7fa) Importer(815301076,1909f56bfc062723c751e8b465ee728b)  -> (artifact id: '5067893f873f07cf82200d90a7ffaf7c') in 0.020898 seconds 
Editor requested this worker to shutdown with reason: Scaling down because of idle timeout
AssetImportWorker is now disconnected from the server
Process exiting
Exiting without the bug reporter. Application will terminate with return code 0