Using pre-set license
Built from '2021.3/staging' branch; Version is '2021.3.16f1 (4016570cf34f) revision 4200023'; Using compiler version '192829333'; Build Type 'Release'
OS: 'Windows 10  (10.0.19045) 64bit Education' Language: 'sr' Physical Memory: 16303 MB
BatchMode: 1, IsHumanControllingUs: 0, StartBugReporterOnCrash: 0, Is64bit: 1, IsPro: 1

COMMAND LINE ARGUMENTS:
C:\Program Files\Unity\Hub\Editor\2021.3.16f1\Editor\Unity.exe
-adb2
-batchMode
-noUpm
-name
AssetImportWorker0
-projectPath
C:/Users/Ucenik 1/Desktop/Prison
-logFile
Logs/AssetImportWorker0.log
-srvPort
65110
Successfully changed project path to: C:/Users/Ucenik 1/Desktop/Prison
C:/Users/Ucenik 1/Desktop/Prison
[UnityMemory] Configuration Parameters - Can be set up in boot.config
    "memorysetup-bucket-allocator-granularity=16"
    "memorysetup-bucket-allocator-bucket-count=8"
    "memorysetup-bucket-allocator-block-size=33554432"
    "memorysetup-bucket-allocator-block-count=8"
    "memorysetup-main-allocator-block-size=16777216"
    "memorysetup-thread-allocator-block-size=16777216"
    "memorysetup-gfx-main-allocator-block-size=16777216"
    "memorysetup-gfx-thread-allocator-block-size=16777216"
    "memorysetup-cache-allocator-block-size=4194304"
    "memorysetup-typetree-allocator-block-size=2097152"
    "memorysetup-profiler-bucket-allocator-granularity=16"
    "memorysetup-profiler-bucket-allocator-bucket-count=8"
    "memorysetup-profiler-bucket-allocator-block-size=33554432"
    "memorysetup-profiler-bucket-allocator-block-count=8"
    "memorysetup-profiler-allocator-block-size=16777216"
    "memorysetup-profiler-editor-allocator-block-size=1048576"
    "memorysetup-temp-allocator-size-main=16777216"
    "memorysetup-job-temp-allocator-block-size=2097152"
    "memorysetup-job-temp-allocator-block-size-background=1048576"
    "memorysetup-job-temp-allocator-reduction-small-platforms=262144"
    "memorysetup-temp-allocator-size-background-worker=32768"
    "memorysetup-temp-allocator-size-job-worker=262144"
    "memorysetup-temp-allocator-size-preload-manager=33554432"
    "memorysetup-temp-allocator-size-nav-mesh-worker=65536"
    "memorysetup-temp-allocator-size-audio-worker=65536"
    "memorysetup-temp-allocator-size-cloud-worker=32768"
    "memorysetup-temp-allocator-size-gi-baking-worker=262144"
    "memorysetup-temp-allocator-size-gfx=262144"
Player connection [16352] Host "[IP] 192.168.43.254 [Port] 0 [Flags] 2 [Guid] 1163726126 [EditorId] 1163726126 [Version] 1048832 [Id] WindowsEditor(7,DESKTOP-LN7GUG2) [Debug] 1 [PackageName] WindowsEditor [ProjectName] Editor" joined multi-casting on [225.0.0.222:54997]...

Player connection [16352] Host "[IP] 192.168.43.254 [Port] 0 [Flags] 2 [Guid] 1163726126 [EditorId] 1163726126 [Version] 1048832 [Id] WindowsEditor(7,DESKTOP-LN7GUG2) [Debug] 1 [PackageName] WindowsEditor [ProjectName] Editor" joined alternative multi-casting on [225.0.0.222:34997]...

Refreshing native plugins compatible for Editor in 162.76 ms, found 4 plugins.
Preloading 0 native plugins for Editor in 0.00 ms.
Initialize engine version: 2021.3.16f1 (4016570cf34f)
[Subsystems] Discovering subsystems at path C:/Program Files/Unity/Hub/Editor/2021.3.16f1/Editor/Data/Resources/UnitySubsystems
[Subsystems] Discovering subsystems at path C:/Users/Ucenik 1/Desktop/Prison/Assets
GfxDevice: creating device client; threaded=0; jobified=0
Direct3D:
    Version:  Direct3D 11.0 [level 11.1]
    Renderer: NVIDIA GeForce RTX 2080 SUPER (ID=0x1e81)
    Vendor:   NVIDIA
    VRAM:     8010 MB
    Driver:   31.0.15.1694
Initialize mono
Mono path[0] = 'C:/Program Files/Unity/Hub/Editor/2021.3.16f1/Editor/Data/Managed'
Mono path[1] = 'C:/Program Files/Unity/Hub/Editor/2021.3.16f1/Editor/Data/MonoBleedingEdge/lib/mono/unityjit-win32'
Mono config path = 'C:/Program Files/Unity/Hub/Editor/2021.3.16f1/Editor/Data/MonoBleedingEdge/etc'
Using monoOptions --debugger-agent=transport=dt_socket,embedding=1,server=y,suspend=n,address=127.0.0.1:56916
Begin MonoManager ReloadAssembly
Registering precompiled unity dll's ...
Register platform support module: C:/Program Files/Unity/Hub/Editor/2021.3.16f1/Editor/Data/PlaybackEngines/AndroidPlayer/UnityEditor.Android.Extensions.dll
Register platform support module: C:/Program Files/Unity/Hub/Editor/2021.3.16f1/Editor/Data/PlaybackEngines/WindowsStandaloneSupport/UnityEditor.WindowsStandalone.Extensions.dll
Registered in 0.011387 seconds.
Native extension for WindowsStandalone target not found
Native extension for Android target not found
Refreshing native plugins compatible for Editor in 211.53 ms, found 4 plugins.
Preloading 0 native plugins for Editor in 0.00 ms.
Mono: successfully reloaded assembly
- Completed reload, in  1.175 seconds
Domain Reload Profiling:
	ReloadAssembly (1176ms)
		BeginReloadAssembly (107ms)
			ExecutionOrderSort (0ms)
			DisableScriptedObjects (0ms)
			BackupInstance (0ms)
			ReleaseScriptingObjects (0ms)
			CreateAndSetChildDomain (1ms)
		EndReloadAssembly (899ms)
			LoadAssemblies (104ms)
			RebuildTransferFunctionScriptingTraits (0ms)
			SetupTypeCache (203ms)
			ReleaseScriptCaches (0ms)
			RebuildScriptCaches (48ms)
			SetupLoadedEditorAssemblies (558ms)
				LogAssemblyErrors (0ms)
				InitializePlatformSupportModulesInManaged (96ms)
				SetLoadedEditorAssemblies (0ms)
				RefreshPlugins (212ms)
				BeforeProcessingInitializeOnLoad (2ms)
				ProcessInitializeOnLoadAttributes (175ms)
				ProcessInitializeOnLoadMethodAttributes (73ms)
				AfterProcessingInitializeOnLoad (0ms)
				EditorAssembliesLoaded (0ms)
			ExecutionOrderSort2 (0ms)
			AwakeInstancesAfterBackupRestoration (0ms)
Platform modules already initialized, skipping
Registering precompiled user dll's ...
Registered in 0.011511 seconds.
Begin MonoManager ReloadAssembly
Symbol file LoadedFromMemory doesn't match image C:\Users\Ucenik 1\Desktop\Prison\Library\PackageCache\com.unity.visualscripting@1.7.8\Editor\VisualScripting.Core\Dependencies\YamlDotNet\Unity.VisualScripting.YamlDotNet.dll
Symbol file LoadedFromMemory doesn't match image C:\Users\Ucenik 1\Desktop\Prison\Library\PackageCache\com.unity.visualscripting@1.7.8\Editor\VisualScripting.Core\Dependencies\DotNetZip\Unity.VisualScripting.IonicZip.dll
Native extension for WindowsStandalone target not found
Native extension for Android target not found
Refreshing native plugins compatible for Editor in 206.86 ms, found 4 plugins.
Preloading 0 native plugins for Editor in 0.00 ms.
Mono: successfully reloaded assembly
- Completed reload, in  2.243 seconds
Domain Reload Profiling:
	ReloadAssembly (2244ms)
		BeginReloadAssembly (291ms)
			ExecutionOrderSort (0ms)
			DisableScriptedObjects (19ms)
			BackupInstance (0ms)
			ReleaseScriptingObjects (0ms)
			CreateAndSetChildDomain (133ms)
		EndReloadAssembly (1751ms)
			LoadAssemblies (131ms)
			RebuildTransferFunctionScriptingTraits (0ms)
			SetupTypeCache (513ms)
			ReleaseScriptCaches (1ms)
			RebuildScriptCaches (92ms)
			SetupLoadedEditorAssemblies (922ms)
				LogAssemblyErrors (0ms)
				InitializePlatformSupportModulesInManaged (22ms)
				SetLoadedEditorAssemblies (0ms)
				RefreshPlugins (207ms)
				BeforeProcessingInitializeOnLoad (201ms)
				ProcessInitializeOnLoadAttributes (409ms)
				ProcessInitializeOnLoadMethodAttributes (69ms)
				AfterProcessingInitializeOnLoad (14ms)
				EditorAssembliesLoaded (0ms)
			ExecutionOrderSort2 (0ms)
			AwakeInstancesAfterBackupRestoration (9ms)
Platform modules already initialized, skipping
========================================================================
Worker process is ready to serve import requests
Launched and connected shader compiler UnityShaderCompiler.exe after 0.08 seconds
Refreshing native plugins compatible for Editor in 1.06 ms, found 4 plugins.
Preloading 0 native plugins for Editor in 0.00 ms.
Unloading 4183 Unused Serialized files (Serialized files now loaded: 0)
Unloading 39 unused Assets / (56.4 KB). Loaded Objects now: 4642.
Memory consumption went from 156.3 MB to 156.2 MB.
Total: 5.807800 ms (FindLiveObjects: 0.528600 ms CreateObjectMapping: 0.510700 ms MarkObjects: 4.646300 ms  DeleteObjects: 0.120800 ms)

AssetImportParameters requested are different than current active one (requested -> active):
  custom:video-decoder-ogg-theora: a1e56fd34408186e4bbccfd4996cb3dc -> 
  custom:container-muxer-webm: aa71ff27fc2769a1b78a27578f13a17b -> 
  custom:container-demuxer-webm: 4f35f7cbe854078d1ac9338744f61a02 -> 
  custom:video-encoder-webm-vp8: eb34c28f22e8b96e1ab97ce403110664 -> 
  custom:audio-encoder-webm-vorbis: bf7c407c2cedff20999df2af8eb42d56 -> 
  custom:framework-win-MediaFoundation: 216162199b28c13a410421893ffa2e32 -> 
  custom:container-demuxer-ogg: 62fdf1f143b41e24485cea50d1cbac27 -> 
  custom:video-decoder-webm-vp8: 9c59270c3fd7afecdb556c50c9e8de78 -> 
  custom:audio-decoder-ogg-vorbis: bf7c407c2cedff20999df2af8eb42d56 -> 
========================================================================
Received Import Request.
  Time since last request: 1033224.387678 seconds.
  path: Assets/anim (1)/anim/Sitting (2).fbx
  artifactKey: Guid(95364b86e3de57e4d9038c85b191cc70) Importer(815301076,1909f56bfc062723c751e8b465ee728b)
Start importing Assets/anim (1)/anim/Sitting (2).fbx using Guid(95364b86e3de57e4d9038c85b191cc70) Importer(815301076,1909f56bfc062723c751e8b465ee728b)  -> (artifact id: '29aeeb7934ce074446305fd6ca2b6003') in 0.659022 seconds 
========================================================================
Received Import Request.
  Time since last request: 0.000032 seconds.
  path: Assets/anim (1)/anim/Idle1.fbx
  artifactKey: Guid(8bcf717e9a38f7d4c94df400f428a997) Importer(815301076,1909f56bfc062723c751e8b465ee728b)
Start importing Assets/anim (1)/anim/Idle1.fbx using Guid(8bcf717e9a38f7d4c94df400f428a997) Importer(815301076,1909f56bfc062723c751e8b465ee728b)  -> (artifact id: 'bde99283606d2da90d3db9f1195cd7cf') in 0.115611 seconds 
========================================================================
Received Import Request.
  Time since last request: 0.000037 seconds.
  path: Assets/anim (1)/anim/Sitting.fbx
  artifactKey: Guid(990445b18d466e2449c36c2f60e64858) Importer(815301076,1909f56bfc062723c751e8b465ee728b)
Start importing Assets/anim (1)/anim/Sitting.fbx using Guid(990445b18d466e2449c36c2f60e64858) Importer(815301076,1909f56bfc062723c751e8b465ee728b)  -> (artifact id: '3d98be73b7fee1edefbb2805e8b7295d') in 0.073113 seconds 
========================================================================
Received Import Request.
  Time since last request: 0.000030 seconds.
  path: Assets/anim (1)/anim/Idle (3).fbx
  artifactKey: Guid(39bf5cf534e08b44d8b06a1eebe462d6) Importer(815301076,1909f56bfc062723c751e8b465ee728b)
Start importing Assets/anim (1)/anim/Idle (3).fbx using Guid(39bf5cf534e08b44d8b06a1eebe462d6) Importer(815301076,1909f56bfc062723c751e8b465ee728b)  -> (artifact id: '519e5c2a93a4de70e1e03c113e2b0023') in 0.072971 seconds 
========================================================================
Received Import Request.
  Time since last request: 0.000042 seconds.
  path: Assets/anim (1)/anim/Sitting Talking.fbx
  artifactKey: Guid(8d75df9a982a3144b8f314f6736533d0) Importer(815301076,1909f56bfc062723c751e8b465ee728b)
Start importing Assets/anim (1)/anim/Sitting Talking.fbx using Guid(8d75df9a982a3144b8f314f6736533d0) Importer(815301076,1909f56bfc062723c751e8b465ee728b)  -> (artifact id: 'd7dcb797d0a0570e862a50bf2d4ecd62') in 0.067664 seconds 
========================================================================
Received Import Request.
  Time since last request: 0.602947 seconds.
  path: Assets/flashlight.fbx
  artifactKey: Guid(315d790b0586bee4f977a68ab77a20db) Importer(815301076,1909f56bfc062723c751e8b465ee728b)
Start importing Assets/flashlight.fbx using Guid(315d790b0586bee4f977a68ab77a20db) Importer(815301076,1909f56bfc062723c751e8b465ee728b)  -> (artifact id: 'ceb0e188e95107b586ffcd5b844f5f55') in 0.143750 seconds 
========================================================================
Received Import Request.
  Time since last request: 0.000029 seconds.
  path: Assets/vrata2.fbx
  artifactKey: Guid(389fb4a5a82e39145b0f677ad25b875d) Importer(815301076,1909f56bfc062723c751e8b465ee728b)
Start importing Assets/vrata2.fbx using Guid(389fb4a5a82e39145b0f677ad25b875d) Importer(815301076,1909f56bfc062723c751e8b465ee728b)  -> (artifact id: 'cfdb9aed04f7eea207e704228116cdd9') in 0.021660 seconds 
========================================================================
Received Import Request.
  Time since last request: 0.000046 seconds.
  path: Assets/stepenice.fbx
  artifactKey: Guid(8412a10d790ef8041b0e37e75923564d) Importer(815301076,1909f56bfc062723c751e8b465ee728b)
Start importing Assets/stepenice.fbx using Guid(8412a10d790ef8041b0e37e75923564d) Importer(815301076,1909f56bfc062723c751e8b465ee728b)  -> (artifact id: 'def9d8c8ea929f12b652e4e23ab525d4') in 0.025173 seconds 
========================================================================
Received Import Request.
  Time since last request: 0.000029 seconds.
  path: Assets/Material.005.mat
  artifactKey: Guid(d558067550fb032408c7e916b92baae4) Importer(815301076,1909f56bfc062723c751e8b465ee728b)
Start importing Assets/Material.005.mat using Guid(d558067550fb032408c7e916b92baae4) Importer(815301076,1909f56bfc062723c751e8b465ee728b)  -> (artifact id: '2998f6836fa7304a6d9042c09d552e01') in 0.021066 seconds 
========================================================================
Received Import Request.
  Time since last request: 0.000034 seconds.
  path: Assets/Sitting Talking (2).fbx
  artifactKey: Guid(87c48ffee64e38744b09f7d91c75fbc0) Importer(815301076,1909f56bfc062723c751e8b465ee728b)
Start importing Assets/Sitting Talking (2).fbx using Guid(87c48ffee64e38744b09f7d91c75fbc0) Importer(815301076,1909f56bfc062723c751e8b465ee728b)  -> (artifact id: 'c1f79b196d0c4e289368528ddacc8b1b') in 0.087986 seconds 
========================================================================
Received Import Request.
  Time since last request: 0.000026 seconds.
  path: Assets/wc.fbx
  artifactKey: Guid(a9ce4b98490c30241b32c66a4c247752) Importer(815301076,1909f56bfc062723c751e8b465ee728b)
Start importing Assets/wc.fbx using Guid(a9ce4b98490c30241b32c66a4c247752) Importer(815301076,1909f56bfc062723c751e8b465ee728b)  -> (artifact id: '8187d1cbd627ef145e9917d741863a01') in 0.047508 seconds 
========================================================================
Received Import Request.
  Time since last request: 0.000037 seconds.
  path: Assets/Material.007.mat
  artifactKey: Guid(e247088852bb8804abfb7a8d47f2a5b0) Importer(815301076,1909f56bfc062723c751e8b465ee728b)
Start importing Assets/Material.007.mat using Guid(e247088852bb8804abfb7a8d47f2a5b0) Importer(815301076,1909f56bfc062723c751e8b465ee728b)  -> (artifact id: 'fdffd2d78027a7a7ba8d96088e299bef') in 0.021460 seconds 
========================================================================
Received Import Request.
  Time since last request: 0.000049 seconds.
  path: Assets/kreveti 1.fbx
  artifactKey: Guid(86ba5a9d30acd6c41917ff1e4b7c53b9) Importer(815301076,1909f56bfc062723c751e8b465ee728b)
Start importing Assets/kreveti 1.fbx using Guid(86ba5a9d30acd6c41917ff1e4b7c53b9) Importer(815301076,1909f56bfc062723c751e8b465ee728b)  -> (artifact id: '817220b0d2efddb3daa1a28c53e77651') in 0.025782 seconds 
========================================================================
Received Import Request.
  Time since last request: 0.000026 seconds.
  path: Assets/wc_papir.fbx
  artifactKey: Guid(64f42dc466d0f6a458f6767fe032ceab) Importer(815301076,1909f56bfc062723c751e8b465ee728b)
Start importing Assets/wc_papir.fbx using Guid(64f42dc466d0f6a458f6767fe032ceab) Importer(815301076,1909f56bfc062723c751e8b465ee728b)  -> (artifact id: '40a9657f186bef702fb51a1e2ffa8eb5') in 0.034461 seconds 
========================================================================
Received Import Request.
  Time since last request: 9.025230 seconds.
  path: Assets/Scenes/fuga_de_la_prision121112212.png
  artifactKey: Guid(c5b25077e1e2b624fb70f7eed05255cd) Importer(815301076,1909f56bfc062723c751e8b465ee728b)
Start importing Assets/Scenes/fuga_de_la_prision121112212.png using Guid(c5b25077e1e2b624fb70f7eed05255cd) Importer(815301076,1909f56bfc062723c751e8b465ee728b)  -> (artifact id: 'fa93a204f5b4f7f83ad0007ccb0b4954') in 0.031461 seconds 
========================================================================
Received Import Request.
  Time since last request: 0.000020 seconds.
  path: Assets/Scenes/Menu.png
  artifactKey: Guid(8c371df900463514a95f1aa2a802016e) Importer(815301076,1909f56bfc062723c751e8b465ee728b)
Start importing Assets/Scenes/Menu.png using Guid(8c371df900463514a95f1aa2a802016e) Importer(815301076,1909f56bfc062723c751e8b465ee728b)  -> (artifact id: 'f5b8696543b6734bb70b9c032564c706') in 0.146910 seconds 
========================================================================
Received Import Request.
  Time since last request: 256.134777 seconds.
  path: Assets/Materials/Material.001.mat
  artifactKey: Guid(687d21025957b1040afa5b38377ea153) Importer(815301076,1909f56bfc062723c751e8b465ee728b)
Start importing Assets/Materials/Material.001.mat using Guid(687d21025957b1040afa5b38377ea153) Importer(815301076,1909f56bfc062723c751e8b465ee728b)  -> (artifact id: '1653d6437a574dfa9ab51c3ef4b26594') in 0.019846 seconds 
========================================================================
Received Import Request.
  Time since last request: 0.000030 seconds.
  path: Assets/Materials/metal.mat
  artifactKey: Guid(a0d6aad39922ae3499c4a47ac7e1b5bb) Importer(815301076,1909f56bfc062723c751e8b465ee728b)
Start importing Assets/Materials/metal.mat using Guid(a0d6aad39922ae3499c4a47ac7e1b5bb) Importer(815301076,1909f56bfc062723c751e8b465ee728b)  -> (artifact id: '575878c900f0d154c03b701e381d7413') in 0.016060 seconds 
========================================================================
Received Import Request.
  Time since last request: 0.000036 seconds.
  path: Assets/Materials/Walking_Policajac3.fbx
  artifactKey: Guid(21257f442a3a36849a8a031f2244a152) Importer(815301076,1909f56bfc062723c751e8b465ee728b)
Start importing Assets/Materials/Walking_Policajac3.fbx using Guid(21257f442a3a36849a8a031f2244a152) Importer(815301076,1909f56bfc062723c751e8b465ee728b)  -> (artifact id: '3591f04f9108e31151e24ee35636a999') in 0.064857 seconds 
========================================================================
Received Import Request.
  Time since last request: 0.000024 seconds.
  path: Assets/Materials/Material.002.mat
  artifactKey: Guid(fc27a217106457c4ebad3c4973503260) Importer(815301076,1909f56bfc062723c751e8b465ee728b)
Start importing Assets/Materials/Material.002.mat using Guid(fc27a217106457c4ebad3c4973503260) Importer(815301076,1909f56bfc062723c751e8b465ee728b)  -> (artifact id: 'f6aaf13b961409e90b1240017447d907') in 0.028075 seconds 
========================================================================
Received Import Request.
  Time since last request: 0.000051 seconds.
  path: Assets/Materials/Material.003.mat
  artifactKey: Guid(04f887b142da2f843839e1a5d3de11a3) Importer(815301076,1909f56bfc062723c751e8b465ee728b)
Start importing Assets/Materials/Material.003.mat using Guid(04f887b142da2f843839e1a5d3de11a3) Importer(815301076,1909f56bfc062723c751e8b465ee728b)  -> (artifact id: 'fc9760973ac5f163d8ecd10601c6fd65') in 0.012468 seconds 
========================================================================
Received Import Request.
  Time since last request: 0.000021 seconds.
  path: Assets/Materials/old-cement-wall-texture_1149-1280.mat
  artifactKey: Guid(9358208e4ecf23b40a3bfca4e357bf8d) Importer(815301076,1909f56bfc062723c751e8b465ee728b)
Start importing Assets/Materials/old-cement-wall-texture_1149-1280.mat using Guid(9358208e4ecf23b40a3bfca4e357bf8d) Importer(815301076,1909f56bfc062723c751e8b465ee728b)  -> (artifact id: '1791879dc7977aaa92f76944045a1abe') in 0.014132 seconds 
========================================================================
Received Import Request.
  Time since last request: 0.120986 seconds.
  path: Assets/anim (1)/bakmaz anim/Celavi zatvorenik.fbx
  artifactKey: Guid(7be6949ec8458d4428181c024f92f4fe) Importer(815301076,1909f56bfc062723c751e8b465ee728b)
Start importing Assets/anim (1)/bakmaz anim/Celavi zatvorenik.fbx using Guid(7be6949ec8458d4428181c024f92f4fe) Importer(815301076,1909f56bfc062723c751e8b465ee728b)  -> (artifact id: '788eaea015c91df05156027d5ff4f253') in 0.056610 seconds 
========================================================================
Received Import Request.
  Time since last request: 0.000028 seconds.
  path: Assets/anim (1)/bakmaz anim/milicajac.fbx
  artifactKey: Guid(bad292a695dd8a3499fb01243f093414) Importer(815301076,1909f56bfc062723c751e8b465ee728b)
Start importing Assets/anim (1)/bakmaz anim/milicajac.fbx using Guid(bad292a695dd8a3499fb01243f093414) Importer(815301076,1909f56bfc062723c751e8b465ee728b)  -> (artifact id: 'f16a9ddb0a3a54dc30fb4c3f3678c235') in 0.058128 seconds 
========================================================================
Received Import Request.
  Time since last request: 0.000036 seconds.
  path: Assets/anim (1)/bakmaz anim/policajac 2.fbx
  artifactKey: Guid(8288d5551f38a974b865e5d494ad3357) Importer(815301076,1909f56bfc062723c751e8b465ee728b)
Start importing Assets/anim (1)/bakmaz anim/policajac 2.fbx using Guid(8288d5551f38a974b865e5d494ad3357) Importer(815301076,1909f56bfc062723c751e8b465ee728b)  -> (artifact id: 'b105d7961b6c5df1c45f5b23e52fa336') in 0.059199 seconds 
========================================================================
Received Import Request.
  Time since last request: 0.000024 seconds.
  path: Assets/anim (1)/bakmaz anim/zatovrenik 3.fbx
  artifactKey: Guid(1d32ccfd478474841a9b81e089d0baeb) Importer(815301076,1909f56bfc062723c751e8b465ee728b)
Start importing Assets/anim (1)/bakmaz anim/zatovrenik 3.fbx using Guid(1d32ccfd478474841a9b81e089d0baeb) Importer(815301076,1909f56bfc062723c751e8b465ee728b)  -> (artifact id: '288eb95a603582a73f799f48578b8f40') in 0.054415 seconds 
========================================================================
Received Import Request.
  Time since last request: 0.000026 seconds.
  path: Assets/anim (1)/bakmaz anim/Zatvorenik_Narančasti.fbx
  artifactKey: Guid(956c7c7185b51904b898369ca626678d) Importer(815301076,1909f56bfc062723c751e8b465ee728b)
Start importing Assets/anim (1)/bakmaz anim/Zatvorenik_Narančasti.fbx using Guid(956c7c7185b51904b898369ca626678d) Importer(815301076,1909f56bfc062723c751e8b465ee728b)  -> (artifact id: '69770246711c4967e374efea9f67643c') in 0.059401 seconds 
========================================================================
Received Import Request.
  Time since last request: 0.000030 seconds.
  path: Assets/anim (1)/bakmaz anim/Crveni zatvorenik.fbx
  artifactKey: Guid(3bc1d59e528dcf44bb5dd32c9dbaa1ca) Importer(815301076,1909f56bfc062723c751e8b465ee728b)
Start importing Assets/anim (1)/bakmaz anim/Crveni zatvorenik.fbx using Guid(3bc1d59e528dcf44bb5dd32c9dbaa1ca) Importer(815301076,1909f56bfc062723c751e8b465ee728b)  -> (artifact id: 'bcd906d65b3fdbc7a67abaeb8b657640') in 0.058831 seconds 
========================================================================
Received Import Request.
  Time since last request: 0.000023 seconds.
  path: Assets/anim (1)/bakmaz anim/policajac 3.fbx
  artifactKey: Guid(108310db6fb1ffe4c91478539d60f27c) Importer(815301076,1909f56bfc062723c751e8b465ee728b)
Start importing Assets/anim (1)/bakmaz anim/policajac 3.fbx using Guid(108310db6fb1ffe4c91478539d60f27c) Importer(815301076,1909f56bfc062723c751e8b465ee728b)  -> (artifact id: '8449a8020414480b49fe83d3a62859d5') in 0.060224 seconds 
========================================================================
Received Import Request.
  Time since last request: 0.000032 seconds.
  path: Assets/anim (1)/bakmaz anim/Zatvorenik_Nabildani (1).fbx
  artifactKey: Guid(685ee8da727cd9242a4c43946f06878c) Importer(815301076,1909f56bfc062723c751e8b465ee728b)
Start importing Assets/anim (1)/bakmaz anim/Zatvorenik_Nabildani (1).fbx using Guid(685ee8da727cd9242a4c43946f06878c) Importer(815301076,1909f56bfc062723c751e8b465ee728b)  -> (artifact id: '5ec8b07fa492f58970b7b47692d8c827') in 0.058343 seconds 
========================================================================
Received Import Request.
  Time since last request: 0.000030 seconds.
  path: Assets/anim (1)/bakmaz anim/zatovrenik 5.fbx
  artifactKey: Guid(98ee6b3692267624fa6c24130b7ea5ab) Importer(815301076,1909f56bfc062723c751e8b465ee728b)
Start importing Assets/anim (1)/bakmaz anim/zatovrenik 5.fbx using Guid(98ee6b3692267624fa6c24130b7ea5ab) Importer(815301076,1909f56bfc062723c751e8b465ee728b)  -> (artifact id: 'f9a38a46855487a2b0e2c39070bc750d') in 0.051261 seconds 
========================================================================
Received Import Request.
  Time since last request: 0.000026 seconds.
  path: Assets/anim (1)/bakmaz anim/Walking_Policajac3 (1).fbx
  artifactKey: Guid(4e3c75801fd2a234da9d2a854259b2d9) Importer(815301076,1909f56bfc062723c751e8b465ee728b)
Start importing Assets/anim (1)/bakmaz anim/Walking_Policajac3 (1).fbx using Guid(4e3c75801fd2a234da9d2a854259b2d9) Importer(815301076,1909f56bfc062723c751e8b465ee728b)  -> (artifact id: '22b25d40c5dc9fa3d7a71caa6f2f5672') in 0.063445 seconds 
Editor requested this worker to shutdown with reason: Scaling down because of idle timeout
AssetImportWorker is now disconnected from the server
Process exiting
Exiting without the bug reporter. Application will terminate with return code 0