Using pre-set license
Built from '2021.3/staging' branch; Version is '2021.3.16f1 (4016570cf34f) revision 4200023'; Using compiler version '192829333'; Build Type 'Release'
OS: 'Windows 10  (10.0.19045) 64bit Education' Language: 'sr' Physical Memory: 16303 MB
BatchMode: 1, IsHumanControllingUs: 0, StartBugReporterOnCrash: 0, Is64bit: 1, IsPro: 1

COMMAND LINE ARGUMENTS:
C:\Program Files\Unity\Hub\Editor\2021.3.16f1\Editor\Unity.exe
-adb2
-batchMode
-noUpm
-name
AssetImportWorker1
-projectPath
C:/Users/Ucenik 1/Desktop/Prison
-logFile
Logs/AssetImportWorker1.log
-srvPort
49513
Successfully changed project path to: C:/Users/Ucenik 1/Desktop/Prison
C:/Users/Ucenik 1/Desktop/Prison
[UnityMemory] Configuration Parameters - Can be set up in boot.config
    "memorysetup-bucket-allocator-granularity=16"
    "memorysetup-bucket-allocator-bucket-count=8"
    "memorysetup-bucket-allocator-block-size=33554432"
    "memorysetup-bucket-allocator-block-count=8"
    "memorysetup-main-allocator-block-size=16777216"
    "memorysetup-thread-allocator-block-size=16777216"
    "memorysetup-gfx-main-allocator-block-size=16777216"
    "memorysetup-gfx-thread-allocator-block-size=16777216"
    "memorysetup-cache-allocator-block-size=4194304"
    "memorysetup-typetree-allocator-block-size=2097152"
    "memorysetup-profiler-bucket-allocator-granularity=16"
    "memorysetup-profiler-bucket-allocator-bucket-count=8"
    "memorysetup-profiler-bucket-allocator-block-size=33554432"
    "memorysetup-profiler-bucket-allocator-block-count=8"
    "memorysetup-profiler-allocator-block-size=16777216"
    "memorysetup-profiler-editor-allocator-block-size=1048576"
    "memorysetup-temp-allocator-size-main=16777216"
    "memorysetup-job-temp-allocator-block-size=2097152"
    "memorysetup-job-temp-allocator-block-size-background=1048576"
    "memorysetup-job-temp-allocator-reduction-small-platforms=262144"
    "memorysetup-temp-allocator-size-background-worker=32768"
    "memorysetup-temp-allocator-size-job-worker=262144"
    "memorysetup-temp-allocator-size-preload-manager=33554432"
    "memorysetup-temp-allocator-size-nav-mesh-worker=65536"
    "memorysetup-temp-allocator-size-audio-worker=65536"
    "memorysetup-temp-allocator-size-cloud-worker=32768"
    "memorysetup-temp-allocator-size-gi-baking-worker=262144"
    "memorysetup-temp-allocator-size-gfx=262144"
Player connection [2964] Host "[IP] 0.0.0.0 [Port] 0 [Flags] 2 [Guid] 2018271899 [EditorId] 2018271899 [Version] 1048832 [Id] WindowsEditor(7,DESKTOP-LN7GUG2) [Debug] 1 [PackageName] WindowsEditor [ProjectName] Editor" joined multi-casting on [225.0.0.222:54997]...

Player connection [2964] Host "[IP] 0.0.0.0 [Port] 0 [Flags] 2 [Guid] 2018271899 [EditorId] 2018271899 [Version] 1048832 [Id] WindowsEditor(7,DESKTOP-LN7GUG2) [Debug] 1 [PackageName] WindowsEditor [ProjectName] Editor" joined alternative multi-casting on [225.0.0.222:34997]...

Refreshing native plugins compatible for Editor in 202.76 ms, found 4 plugins.
Preloading 0 native plugins for Editor in 0.00 ms.
Initialize engine version: 2021.3.16f1 (4016570cf34f)
[Subsystems] Discovering subsystems at path C:/Program Files/Unity/Hub/Editor/2021.3.16f1/Editor/Data/Resources/UnitySubsystems
[Subsystems] Discovering subsystems at path C:/Users/Ucenik 1/Desktop/Prison/Assets
GfxDevice: creating device client; threaded=0; jobified=0
Direct3D:
    Version:  Direct3D 11.0 [level 11.1]
    Renderer: NVIDIA GeForce RTX 2080 SUPER (ID=0x1e81)
    Vendor:   NVIDIA
    VRAM:     8010 MB
    Driver:   31.0.15.1694
Initialize mono
Mono path[0] = 'C:/Program Files/Unity/Hub/Editor/2021.3.16f1/Editor/Data/Managed'
Mono path[1] = 'C:/Program Files/Unity/Hub/Editor/2021.3.16f1/Editor/Data/MonoBleedingEdge/lib/mono/unityjit-win32'
Mono config path = 'C:/Program Files/Unity/Hub/Editor/2021.3.16f1/Editor/Data/MonoBleedingEdge/etc'
Using monoOptions --debugger-agent=transport=dt_socket,embedding=1,server=y,suspend=n,address=127.0.0.1:56148
Begin MonoManager ReloadAssembly
Registering precompiled unity dll's ...
Register platform support module: C:/Program Files/Unity/Hub/Editor/2021.3.16f1/Editor/Data/PlaybackEngines/AndroidPlayer/UnityEditor.Android.Extensions.dll
Register platform support module: C:/Program Files/Unity/Hub/Editor/2021.3.16f1/Editor/Data/PlaybackEngines/WindowsStandaloneSupport/UnityEditor.WindowsStandalone.Extensions.dll
Registered in 0.013571 seconds.
Native extension for WindowsStandalone target not found
Native extension for Android target not found
Refreshing native plugins compatible for Editor in 230.74 ms, found 4 plugins.
Preloading 0 native plugins for Editor in 0.00 ms.
Mono: successfully reloaded assembly
- Completed reload, in  1.352 seconds
Domain Reload Profiling:
	ReloadAssembly (1353ms)
		BeginReloadAssembly (132ms)
			ExecutionOrderSort (0ms)
			DisableScriptedObjects (0ms)
			BackupInstance (0ms)
			ReleaseScriptingObjects (0ms)
			CreateAndSetChildDomain (1ms)
		EndReloadAssembly (1006ms)
			LoadAssemblies (129ms)
			RebuildTransferFunctionScriptingTraits (0ms)
			SetupTypeCache (208ms)
			ReleaseScriptCaches (0ms)
			RebuildScriptCaches (54ms)
			SetupLoadedEditorAssemblies (645ms)
				LogAssemblyErrors (0ms)
				InitializePlatformSupportModulesInManaged (107ms)
				SetLoadedEditorAssemblies (0ms)
				RefreshPlugins (231ms)
				BeforeProcessingInitializeOnLoad (2ms)
				ProcessInitializeOnLoadAttributes (212ms)
				ProcessInitializeOnLoadMethodAttributes (92ms)
				AfterProcessingInitializeOnLoad (0ms)
				EditorAssembliesLoaded (0ms)
			ExecutionOrderSort2 (0ms)
			AwakeInstancesAfterBackupRestoration (0ms)
Platform modules already initialized, skipping
Registering precompiled user dll's ...
Registered in 0.022342 seconds.
Begin MonoManager ReloadAssembly
Symbol file LoadedFromMemory doesn't match image C:\Users\Ucenik 1\Desktop\Prison\Library\PackageCache\com.unity.visualscripting@1.7.8\Editor\VisualScripting.Core\Dependencies\YamlDotNet\Unity.VisualScripting.YamlDotNet.dll
Symbol file LoadedFromMemory doesn't match image C:\Users\Ucenik 1\Desktop\Prison\Library\PackageCache\com.unity.visualscripting@1.7.8\Editor\VisualScripting.Core\Dependencies\DotNetZip\Unity.VisualScripting.IonicZip.dll
Native extension for WindowsStandalone target not found
Native extension for Android target not found
Refreshing native plugins compatible for Editor in 211.11 ms, found 4 plugins.
Preloading 0 native plugins for Editor in 0.00 ms.
Mono: successfully reloaded assembly
- Completed reload, in  2.648 seconds
Domain Reload Profiling:
	ReloadAssembly (2650ms)
		BeginReloadAssembly (372ms)
			ExecutionOrderSort (0ms)
			DisableScriptedObjects (17ms)
			BackupInstance (0ms)
			ReleaseScriptingObjects (0ms)
			CreateAndSetChildDomain (146ms)
		EndReloadAssembly (2027ms)
			LoadAssemblies (161ms)
			RebuildTransferFunctionScriptingTraits (0ms)
			SetupTypeCache (577ms)
			ReleaseScriptCaches (1ms)
			RebuildScriptCaches (124ms)
			SetupLoadedEditorAssemblies (1053ms)
				LogAssemblyErrors (0ms)
				InitializePlatformSupportModulesInManaged (28ms)
				SetLoadedEditorAssemblies (0ms)
				RefreshPlugins (211ms)
				BeforeProcessingInitializeOnLoad (213ms)
				ProcessInitializeOnLoadAttributes (508ms)
				ProcessInitializeOnLoadMethodAttributes (79ms)
				AfterProcessingInitializeOnLoad (14ms)
				EditorAssembliesLoaded (0ms)
			ExecutionOrderSort2 (0ms)
			AwakeInstancesAfterBackupRestoration (10ms)
Platform modules already initialized, skipping
========================================================================
Worker process is ready to serve import requests
Launched and connected shader compiler UnityShaderCompiler.exe after 0.06 seconds
Refreshing native plugins compatible for Editor in 1.13 ms, found 4 plugins.
Preloading 0 native plugins for Editor in 0.00 ms.
Unloading 4185 Unused Serialized files (Serialized files now loaded: 0)
Unloading 39 unused Assets / (56.4 KB). Loaded Objects now: 4644.
Memory consumption went from 156.3 MB to 156.3 MB.
Total: 5.520600 ms (FindLiveObjects: 0.646300 ms CreateObjectMapping: 0.491500 ms MarkObjects: 4.270600 ms  DeleteObjects: 0.110400 ms)

AssetImportParameters requested are different than current active one (requested -> active):
  custom:video-decoder-ogg-theora: a1e56fd34408186e4bbccfd4996cb3dc -> 
  custom:container-muxer-webm: aa71ff27fc2769a1b78a27578f13a17b -> 
  custom:container-demuxer-webm: 4f35f7cbe854078d1ac9338744f61a02 -> 
  custom:video-encoder-webm-vp8: eb34c28f22e8b96e1ab97ce403110664 -> 
  custom:audio-encoder-webm-vorbis: bf7c407c2cedff20999df2af8eb42d56 -> 
  custom:framework-win-MediaFoundation: 216162199b28c13a410421893ffa2e32 -> 
  custom:container-demuxer-ogg: 62fdf1f143b41e24485cea50d1cbac27 -> 
  custom:video-decoder-webm-vp8: 9c59270c3fd7afecdb556c50c9e8de78 -> 
  custom:audio-decoder-ogg-vorbis: bf7c407c2cedff20999df2af8eb42d56 -> 
========================================================================
Received Import Request.
  Time since last request: 505917.763015 seconds.
  path: Assets/kreveti.fbx
  artifactKey: Guid(4e45b6b6fc897044584cb14605d42724) Importer(815301076,1909f56bfc062723c751e8b465ee728b)
Start importing Assets/kreveti.fbx using Guid(4e45b6b6fc897044584cb14605d42724) Importer(815301076,1909f56bfc062723c751e8b465ee728b)  -> (artifact id: 'b435793cc99ce7039dd54cfa4764ca0b') in 0.699789 seconds 
========================================================================
Received Import Request.
  Time since last request: 0.000030 seconds.
  path: Assets/Sitting Idle.fbx
  artifactKey: Guid(7fe76325868e4e0459ebc6ea651ca4b3) Importer(815301076,1909f56bfc062723c751e8b465ee728b)
Start importing Assets/Sitting Idle.fbx using Guid(7fe76325868e4e0459ebc6ea651ca4b3) Importer(815301076,1909f56bfc062723c751e8b465ee728b)  -> (artifact id: 'cdbac71a514d69d3237080b9cac95896') in 0.116828 seconds 
========================================================================
Received Import Request.
  Time since last request: 0.000041 seconds.
  path: Assets/ograda 1.fbx
  artifactKey: Guid(20ba95263a999fd4da33e1e70725e404) Importer(815301076,1909f56bfc062723c751e8b465ee728b)
Start importing Assets/ograda 1.fbx using Guid(20ba95263a999fd4da33e1e70725e404) Importer(815301076,1909f56bfc062723c751e8b465ee728b)  -> (artifact id: 'e7781cd5a70c1d7b6e70634395a57d99') in 0.037796 seconds 
========================================================================
Received Import Request.
  Time since last request: 0.000043 seconds.
  path: Assets/Sitting (1).fbx
  artifactKey: Guid(58329e72e01716a4d9aec069c9b6c5e4) Importer(815301076,1909f56bfc062723c751e8b465ee728b)
Start importing Assets/Sitting (1).fbx using Guid(58329e72e01716a4d9aec069c9b6c5e4) Importer(815301076,1909f56bfc062723c751e8b465ee728b)  -> (artifact id: 'd288f171b432c0442f69e22d975b4f53') in 0.112805 seconds 
========================================================================
Received Import Request.
  Time since last request: 0.000028 seconds.
  path: Assets/stepenice.fbx
  artifactKey: Guid(8412a10d790ef8041b0e37e75923564d) Importer(815301076,1909f56bfc062723c751e8b465ee728b)
Start importing Assets/stepenice.fbx using Guid(8412a10d790ef8041b0e37e75923564d) Importer(815301076,1909f56bfc062723c751e8b465ee728b)  -> (artifact id: 'def9d8c8ea929f12b652e4e23ab525d4') in 0.043252 seconds 
========================================================================
Received Import Request.
  Time since last request: 0.000037 seconds.
  path: Assets/Sitting Talking (4).fbx
  artifactKey: Guid(c03f61bdc4769e5409bfdb2d9763037b) Importer(815301076,1909f56bfc062723c751e8b465ee728b)
Start importing Assets/Sitting Talking (4).fbx using Guid(c03f61bdc4769e5409bfdb2d9763037b) Importer(815301076,1909f56bfc062723c751e8b465ee728b)  -> (artifact id: '9c3548d9daa6e32a5c1881aff17443d4') in 0.104794 seconds 
========================================================================
Received Import Request.
  Time since last request: 0.000051 seconds.
  path: Assets/keycard.fbx
  artifactKey: Guid(2e8a0969a2435084b82555b5c3f659e7) Importer(815301076,1909f56bfc062723c751e8b465ee728b)
Start importing Assets/keycard.fbx using Guid(2e8a0969a2435084b82555b5c3f659e7) Importer(815301076,1909f56bfc062723c751e8b465ee728b)  -> (artifact id: '1e12dab4a2d004528cd44de520243e9d') in 0.081421 seconds 
========================================================================
Received Import Request.
  Time since last request: 0.000037 seconds.
  path: Assets/zatvorZidine.fbx
  artifactKey: Guid(b21d3ed8378d83a4bafcacc7c683f27f) Importer(815301076,1909f56bfc062723c751e8b465ee728b)
Start importing Assets/zatvorZidine.fbx using Guid(b21d3ed8378d83a4bafcacc7c683f27f) Importer(815301076,1909f56bfc062723c751e8b465ee728b)  -> (artifact id: '47463bdb5db6eda34d45ceecb09ae915') in 0.062289 seconds 
========================================================================
Received Import Request.
  Time since last request: 0.000058 seconds.
  path: Assets/textbox.png
  artifactKey: Guid(2cd6d21841bbdf142a65dc397ebf8da4) Importer(815301076,1909f56bfc062723c751e8b465ee728b)
Start importing Assets/textbox.png using Guid(2cd6d21841bbdf142a65dc397ebf8da4) Importer(815301076,1909f56bfc062723c751e8b465ee728b)  -> (artifact id: '4ad6bb938ad526b5c5aa3c588166eac6') in 0.074258 seconds 
========================================================================
Received Import Request.
  Time since last request: 0.000040 seconds.
  path: Assets/zatvorTeren.fbx
  artifactKey: Guid(6cd6bd0eb7621424ebe98cf802c25e38) Importer(815301076,1909f56bfc062723c751e8b465ee728b)
Start importing Assets/zatvorTeren.fbx using Guid(6cd6bd0eb7621424ebe98cf802c25e38) Importer(815301076,1909f56bfc062723c751e8b465ee728b)  -> (artifact id: 'a8f249bea9aa0fd90a8817f04ad3bc79') in 0.056006 seconds 
========================================================================
Received Import Request.
  Time since last request: 0.000056 seconds.
  path: Assets/prozori.fbx
  artifactKey: Guid(888de1ec2aac31945b7c190b5558f2cb) Importer(815301076,1909f56bfc062723c751e8b465ee728b)
Start importing Assets/prozori.fbx using Guid(888de1ec2aac31945b7c190b5558f2cb) Importer(815301076,1909f56bfc062723c751e8b465ee728b)  -> (artifact id: '835d6c4465d54ec1c094314bf4b48c18') in 0.044233 seconds 
========================================================================
Received Import Request.
  Time since last request: 0.000041 seconds.
  path: Assets/ograda.fbx
  artifactKey: Guid(17320bf2ea4766a40ad39c4372fbd0f5) Importer(815301076,1909f56bfc062723c751e8b465ee728b)
Start importing Assets/ograda.fbx using Guid(17320bf2ea4766a40ad39c4372fbd0f5) Importer(815301076,1909f56bfc062723c751e8b465ee728b)  -> (artifact id: '5642cb43ad2fb875c2d8db2b0fd0ada5') in 0.040540 seconds 
========================================================================
Received Import Request.
  Time since last request: 0.000036 seconds.
  path: Assets/Sitting Talking (3).fbx
  artifactKey: Guid(601ec5a48c65b3247a183c175e4caf10) Importer(815301076,1909f56bfc062723c751e8b465ee728b)
Start importing Assets/Sitting Talking (3).fbx using Guid(601ec5a48c65b3247a183c175e4caf10) Importer(815301076,1909f56bfc062723c751e8b465ee728b)  -> (artifact id: '9ba1480b5fba9ade392d349537ac2108') in 0.133620 seconds 
========================================================================
Received Import Request.
  Time since last request: 0.000039 seconds.
  path: Assets/speedboat (1).fbx
  artifactKey: Guid(8248838f0e200954a8f2d0f592b0d618) Importer(815301076,1909f56bfc062723c751e8b465ee728b)
Start importing Assets/speedboat (1).fbx using Guid(8248838f0e200954a8f2d0f592b0d618) Importer(815301076,1909f56bfc062723c751e8b465ee728b)  -> (artifact id: 'a19bdf36c0c6abd1b3e18930c4520c47') in 0.103803 seconds 
========================================================================
Received Import Request.
  Time since last request: 0.000075 seconds.
  path: Assets/New Terrain.asset
  artifactKey: Guid(29e8c95d318193543a88b1279f89bb00) Importer(815301076,1909f56bfc062723c751e8b465ee728b)
Start importing Assets/New Terrain.asset using Guid(29e8c95d318193543a88b1279f89bb00) Importer(815301076,1909f56bfc062723c751e8b465ee728b)  -> (artifact id: 'c3a641120a6461f8d6a3f8d4809c7f25') in 0.045704 seconds 
========================================================================
Received Import Request.
  Time since last request: 0.000038 seconds.
  path: Assets/dry_land.png
  artifactKey: Guid(76aa36d7266b15040a2215d6d6f1262f) Importer(815301076,1909f56bfc062723c751e8b465ee728b)
Start importing Assets/dry_land.png using Guid(76aa36d7266b15040a2215d6d6f1262f) Importer(815301076,1909f56bfc062723c751e8b465ee728b)  -> (artifact id: 'ddb886cabf550e8c4ab8cdd3982e0c27') in 0.044762 seconds 
========================================================================
Received Import Request.
  Time since last request: 21.737279 seconds.
  path: Assets/Scenes/fuga_de_la_prision121112212.psd
  artifactKey: Guid(0a0e34d22f7481e4f92511966d796339) Importer(815301076,1909f56bfc062723c751e8b465ee728b)
Start importing Assets/Scenes/fuga_de_la_prision121112212.psd using Guid(0a0e34d22f7481e4f92511966d796339) Importer(815301076,1909f56bfc062723c751e8b465ee728b)  -> (artifact id: '92a0e961ebc058eff1f4ac9feea8d820') in 0.163788 seconds 
Editor requested this worker to shutdown with reason: Scaling down because of idle timeout
AssetImportWorker is now disconnected from the server
Process exiting
Exiting without the bug reporter. Application will terminate with return code 0